[debug] [2018-06-26T16:26:23.497Z] ----------------------------------------------------------------------
[debug] [2018-06-26T16:26:23.500Z] Command:       C:\Program Files\nodejs\node.exe C:\Users\Rose\AppData\Roaming\npm\node_modules\firebase-tools\bin\firebase serve
[debug] [2018-06-26T16:26:23.500Z] CLI Version:   3.19.0
[debug] [2018-06-26T16:26:23.500Z] Platform:      win32
[debug] [2018-06-26T16:26:23.500Z] Node Version:  v8.11.2
[debug] [2018-06-26T16:26:23.501Z] Time:          Tue Jun 26 2018 12:26:23 GMT-0400 (Eastern Daylight Time)
[debug] [2018-06-26T16:26:23.501Z] ----------------------------------------------------------------------
[debug] 
[debug] [2018-06-26T16:26:23.503Z] > command requires scopes: ["email","openid","https://www.googleapis.com/auth/cloudplatformprojects.readonly","https://www.googleapis.com/auth/firebase","https://www.googleapis.com/auth/cloud-platform"]
[debug] [2018-06-26T16:26:23.503Z] > authorizing via signed-in user
[debug] [2018-06-26T16:26:23.519Z] >>> HTTP REQUEST GET https://admin.firebase.com/v1/projects/live-poll-ravenclaw  
  
 Tue Jun 26 2018 12:26:23 GMT-0400 (Eastern Daylight Time)
[debug] [2018-06-26T16:26:23.910Z] <<< HTTP RESPONSE 200
[debug] [2018-06-26T16:26:23.910Z] >>> HTTP REQUEST GET https://admin.firebase.com/v1/database/live-poll-ravenclaw/tokens  
  
 Tue Jun 26 2018 12:26:23 GMT-0400 (Eastern Daylight Time)
[debug] [2018-06-26T16:26:24.321Z] <<< HTTP RESPONSE 200
[debug] [2018-06-26T16:26:24.321Z] >>> HTTP REQUEST GET https://cloudresourcemanager.googleapis.com/v1/projects/live-poll-ravenclaw  
  
 Tue Jun 26 2018 12:26:24 GMT-0400 (Eastern Daylight Time)
[debug] [2018-06-26T16:26:25.028Z] <<< HTTP RESPONSE 200
[info] 
[info] === Serving from 'C:\Users\Rose\Desktop\LivePoll'...
[info] 
[info] i  functions: Preparing to emulate functions.
[debug] [2018-06-26T16:26:26.522Z] Fetching environment
[debug] [2018-06-26T16:26:26.522Z] >>> HTTP REQUEST GET https://mobilesdk-pa.googleapis.com/v1/projects/363057085922:getServerAppConfig  
  
 Tue Jun 26 2018 12:26:26 GMT-0400 (Eastern Daylight Time)
[debug] [2018-06-26T16:26:26.522Z] >>> HTTP REQUEST GET https://mobilesdk-pa.googleapis.com/v1/projects/363057085922/clients/_:getWebAppConfig  
  
 Tue Jun 26 2018 12:26:26 GMT-0400 (Eastern Daylight Time)
[debug] [2018-06-26T16:26:26.870Z] <<< HTTP RESPONSE 200
[debug] [2018-06-26T16:26:26.870Z] Starting @google-cloud/functions-emulator
[debug] [2018-06-26T16:26:26.933Z] <<< HTTP RESPONSE 200
[info] i  hosting: Serving hosting files from: client/dist
[info] +  hosting: Local server: http://localhost:5000

[debug] [2018-06-26T16:26:30.056Z] Parsing function triggers
[info] i  functions: No HTTPS functions found. Use firebase functions:shell if you would like to emulate other types of functions.
